<?xml version="1.0" encoding="UTF-8"?>
<!-- Generated by org.testng.reporters.JUnitXMLReporter -->
<testsuite ignored="0" hostname="LAPTOP-PVVMQR3L" failures="0" tests="3" name="Default test" time="21.446" errors="0" timestamp="2025-03-09T12:36:41 IST">
  <testcase classname="RT_SimpleProject.TC1" name="login" time="4.594"/>
  <testcase classname="RT_SimpleProject.TC1" name="sectselct" time="2.935"/>
  <testcase classname="RT_SimpleProject.TC1" name="carti" time="4.263"/>
</testsuite> <!-- Default test -->
