<?xml version="1.0" encoding="UTF-8"?>
<testng-results ignored="0" total="1" passed="1" failed="0" skipped="0">
  <reporter-output>
  </reporter-output>
  <suite started-at="2025-03-03T09:41:20 IST" name="Default suite" finished-at="2025-03-03T09:41:20 IST" duration-ms="683">
    <groups>
    </groups>
    <test started-at="2025-03-03T09:41:20 IST" name="Default test" finished-at="2025-03-03T09:41:20 IST" duration-ms="683">
      <class name="TestDatatc.calling">
        <test-method signature="met()[pri:0, instance:TestDatatc.calling@27ce24aa]" started-at="2025-03-03T09:41:20 IST" name="met" finished-at="2025-03-03T09:41:20 IST" duration-ms="649" status="PASS">
          <reporter-output>
          </reporter-output>
        </test-method> <!-- met -->
      </class> <!-- TestDatatc.calling -->
    </test> <!-- Default test -->
  </suite> <!-- Default suite -->
</testng-results>
