<?xml version="1.0" encoding="UTF-8"?>
<testng-results ignored="0" total="3" passed="3" failed="0" skipped="0">
  <reporter-output>
  </reporter-output>
  <suite started-at="2025-03-09T12:36:20 IST" name="Default suite" finished-at="2025-03-09T12:36:41 IST" duration-ms="21446">
    <groups>
    </groups>
    <test started-at="2025-03-09T12:36:20 IST" name="Default test" finished-at="2025-03-09T12:36:41 IST" duration-ms="21446">
      <class name="RT_SimpleProject.TC1">
        <test-method is-config="true" signature="launch()[pri:0, instance:RT_SimpleProject.TC1@3ce1e309]" started-at="2025-03-09T12:36:20 IST" name="launch" finished-at="2025-03-09T12:36:29 IST" duration-ms="9050" status="PASS">
          <reporter-output>
          </reporter-output>
        </test-method> <!-- launch -->
        <test-method signature="login()[pri:0, instance:RT_SimpleProject.TC1@3ce1e309]" started-at="2025-03-09T12:36:29 IST" name="login" finished-at="2025-03-09T12:36:34 IST" duration-ms="4594" status="PASS">
          <reporter-output>
          </reporter-output>
        </test-method> <!-- login -->
        <test-method signature="sectselct()[pri:1, instance:RT_SimpleProject.TC1@3ce1e309]" started-at="2025-03-09T12:36:34 IST" name="sectselct" finished-at="2025-03-09T12:36:36 IST" duration-ms="2935" status="PASS">
          <reporter-output>
          </reporter-output>
        </test-method> <!-- sectselct -->
        <test-method signature="carti()[pri:2, instance:RT_SimpleProject.TC1@3ce1e309]" started-at="2025-03-09T12:36:36 IST" name="carti" finished-at="2025-03-09T12:36:41 IST" duration-ms="4263" status="PASS">
          <reporter-output>
          </reporter-output>
        </test-method> <!-- carti -->
        <test-method is-config="true" signature="exit()[pri:0, instance:RT_SimpleProject.TC1@3ce1e309]" started-at="2025-03-09T12:36:41 IST" name="exit" finished-at="2025-03-09T12:36:41 IST" duration-ms="549" status="PASS">
          <reporter-output>
          </reporter-output>
        </test-method> <!-- exit -->
      </class> <!-- RT_SimpleProject.TC1 -->
    </test> <!-- Default test -->
  </suite> <!-- Default suite -->
</testng-results>
