<?xml version="1.0" encoding="UTF-8"?>
<!-- Generated by org.testng.reporters.JUnitReportReporter -->
<testsuite hostname="LAPTOP-PVVMQR3L" failures="0" tests="4" name="TestngCases.NewTest" time="13.728" errors="0" timestamp="2025-03-01T09:19:27 IST" skipped="0">
  <testcase classname="TestngCases.NewTest" name="launch" time="5.534"/>
  <system-out/>
  <testcase classname="TestngCases.NewTest" name="login" time="2.147"/>
  <system-out/>
  <testcase classname="TestngCases.NewTest" name="check" time="5.462"/>
  <system-out/>
  <testcase classname="TestngCases.NewTest" name="logout" time="0.585"/>
  <system-out/>
</testsuite> <!-- TestngCases.NewTest -->
