<?xml version="1.0" encoding="UTF-8"?>
<!-- Generated by org.testng.reporters.JUnitReportReporter -->
<testsuite hostname="LAPTOP-PVVMQR3L" failures="0" tests="3" name="RT_letcode.TC2" time="5.356" errors="0" timestamp="2025-03-01T09:19:27 IST" skipped="0">
  <testcase classname="RT_letcode.TC2" name="urllaunch" time="4.416"/>
  <system-out/>
  <testcase classname="RT_letcode.TC2" name="radio" time="0.419"/>
  <system-out/>
  <testcase classname="RT_letcode.TC2" name="radiotext" time="0.521"/>
  <system-out/>
</testsuite> <!-- RT_letcode.TC2 -->
