<?xml version="1.0" encoding="UTF-8"?>
<!-- Generated by org.testng.reporters.JUnitReportReporter -->
<testsuite hostname="LAPTOP-PVVMQR3L" failures="0" tests="3" name="RT_letcode.TC3" time="4.993" errors="0" timestamp="2025-03-01T09:19:27 IST" skipped="0">
  <testcase classname="RT_letcode.TC3" name="urllaunch" time="3.977"/>
  <system-out/>
  <testcase classname="RT_letcode.TC3" name="radio" time="0.486"/>
  <system-out/>
  <testcase classname="RT_letcode.TC3" name="radiotext" time="0.530"/>
  <system-out/>
</testsuite> <!-- RT_letcode.TC3 -->
