<?xml version="1.0" encoding="UTF-8"?>
<!-- Generated by org.testng.reporters.JUnitReportReporter -->
<testsuite hostname="LAPTOP-PVVMQR3L" failures="0" tests="3" name="RT_SimpleProject.TC1" time="11.792" errors="0" timestamp="2025-03-09T12:36:41 IST" skipped="0">
  <testcase classname="RT_SimpleProject.TC1" name="login" time="4.594"/>
  <system-out/>
  <testcase classname="RT_SimpleProject.TC1" name="sectselct" time="2.935"/>
  <system-out/>
  <testcase classname="RT_SimpleProject.TC1" name="carti" time="4.263"/>
  <system-out/>
</testsuite> <!-- RT_SimpleProject.TC1 -->
