<?xml version="1.0" encoding="UTF-8"?>
<!-- Generated by org.testng.reporters.JUnitReportReporter -->
<testsuite hostname="LAPTOP-PVVMQR3L" failures="0" tests="2" name="dataprovider.dataprovider" time="18.164" errors="0" timestamp="2025-03-01T09:19:27 IST" skipped="0">
  <testcase classname="dataprovider.dataprovider" name="dat" time="7.924"/>
  <system-out/>
  <testcase classname="dataprovider.dataprovider" name="dat" time="10.240"/>
  <system-out/>
</testsuite> <!-- dataprovider.dataprovider -->
